# JRE version: Java(TM) SE Runtime Environment (8.0_60-b27) (build 1.8.0_60-b27)
# Java VM: Java HotSpot(TM) 64-Bit Server VM (25.60-b23 mixed mode windows-amd64 compressed oops)
Heap:
 PSYoungGen      total 215552K, used 34932K [0x000000076b400000, 0x000000077d400000, 0x00000007c0000000)
  eden space 200704K, 17% used [0x000000076b400000,0x000000076d61d028,0x0000000777800000)
  from space 14848K, 0% used [0x0000000777800000,0x0000000777800000,0x0000000778680000)
  to   space 18432K, 0% used [0x000000077c200000,0x000000077c200000,0x000000077d400000)
 ParOldGen       total 231424K, used 29935K [0x00000006c1c00000, 0x00000006cfe00000, 0x000000076b400000)
  object space 231424K, 12% used [0x00000006c1c00000,0x00000006c393be10,0x00000006cfe00000)
 Metaspace       used 57250K, capacity 59690K, committed 59800K, reserved 1101824K
  class space    used 7412K, capacity 7881K, committed 7936K, reserved 1048576K
GC Heap History (10 events):
Event: 4.506 GC heap before
{Heap before GC invocations=10 (full 2):
 PSYoungGen      total 167936K, used 7298K [0x000000076b400000, 0x0000000776680000, 0x00000007c0000000)
  eden space 156672K, 0% used [0x000000076b400000,0x000000076b400000,0x0000000774d00000)
  from space 11264K, 64% used [0x0000000775780000,0x0000000775ea0b10,0x0000000776280000)
  to   space 10752K, 0% used [0x0000000774d00000,0x0000000774d00000,0x0000000775780000)
 ParOldGen       total 107008K, used 8099K [0x00000006c1c00000, 0x00000006c8480000, 0x000000076b400000)
  object space 107008K, 7% used [0x00000006c1c00000,0x00000006c23e8f68,0x00000006c8480000)
 Metaspace       used 33642K, capacity 35378K, committed 35496K, reserved 1079296K
  class space    used 4441K, capacity 4789K, committed 4864K, reserved 1048576K
Event: 4.538 GC heap after
Heap after GC invocations=10 (full 2):
 PSYoungGen      total 167936K, used 0K [0x000000076b400000, 0x0000000776680000, 0x00000007c0000000)
  eden space 156672K, 0% used [0x000000076b400000,0x000000076b400000,0x0000000774d00000)
  from space 11264K, 0% used [0x0000000775780000,0x0000000775780000,0x0000000776280000)
  to   space 10752K, 0% used [0x0000000774d00000,0x0000000774d00000,0x0000000775780000)
 ParOldGen       total 157696K, used 12110K [0x00000006c1c00000, 0x00000006cb600000, 0x000000076b400000)
  object space 157696K, 7% used [0x00000006c1c00000,0x00000006c27d3888,0x00000006cb600000)
 Metaspace       used 33642K, capacity 35378K, committed 35496K, reserved 1079296K
  class space    used 4441K, capacity 4789K, committed 4864K, reserved 1048576K
}
Event: 6.656 GC heap before
{Heap before GC invocations=11 (full 2):
 PSYoungGen      total 167936K, used 156672K [0x000000076b400000, 0x0000000776680000, 0x00000007c0000000)
  eden space 156672K, 100% used [0x000000076b400000,0x0000000774d00000,0x0000000774d00000)
  from space 11264K, 0% used [0x0000000775780000,0x0000000775780000,0x0000000776280000)
  to   space 10752K, 0% used [0x0000000774d00000,0x0000000774d00000,0x0000000775780000)
 ParOldGen       total 157696K, used 12110K [0x00000006c1c00000, 0x00000006cb600000, 0x000000076b400000)
  object space 157696K, 7% used [0x00000006c1c00000,0x00000006c27d3888,0x00000006cb600000)
 Metaspace       used 41114K, capacity 43090K, committed 43264K, reserved 1087488K
  class space    used 5422K, capacity 5795K, committed 5888K, reserved 1048576K
Event: 6.674 GC heap after
Heap after GC invocations=11 (full 2):
 PSYoungGen      total 167424K, used 10383K [0x000000076b400000, 0x0000000779200000, 0x00000007c0000000)
  eden space 156672K, 0% used [0x000000076b400000,0x000000076b400000,0x0000000774d00000)
  from space 10752K, 96% used [0x0000000774d00000,0x0000000775723ec8,0x0000000775780000)
  to   space 11776K, 0% used [0x0000000778680000,0x0000000778680000,0x0000000779200000)
 ParOldGen       total 157696K, used 12118K [0x00000006c1c00000, 0x00000006cb600000, 0x000000076b400000)
  object space 157696K, 7% used [0x00000006c1c00000,0x00000006c27d5888,0x00000006cb600000)
 Metaspace       used 41114K, capacity 43090K, committed 43264K, reserved 1087488K
  class space    used 5422K, capacity 5795K, committed 5888K, reserved 1048576K
}
Event: 9.003 GC heap before
{Heap before GC invocations=12 (full 2):
 PSYoungGen      total 167424K, used 167055K [0x000000076b400000, 0x0000000779200000, 0x00000007c0000000)
  eden space 156672K, 100% used [0x000000076b400000,0x0000000774d00000,0x0000000774d00000)
  from space 10752K, 96% used [0x0000000774d00000,0x0000000775723ec8,0x0000000775780000)
  to   space 11776K, 0% used [0x0000000778680000,0x0000000778680000,0x0000000779200000)
 ParOldGen       total 157696K, used 12118K [0x00000006c1c00000, 0x00000006cb600000, 0x000000076b400000)
  object space 157696K, 7% used [0x00000006c1c00000,0x00000006c27d5888,0x00000006cb600000)
 Metaspace       used 50560K, capacity 52788K, committed 52992K, reserved 1095680K
  class space    used 6507K, capacity 6910K, committed 6912K, reserved 1048576K
Event: 9.026 GC heap after
Heap after GC invocations=12 (full 2):
 PSYoungGen      total 212480K, used 11746K [0x000000076b400000, 0x0000000779680000, 0x00000007c0000000)
  eden space 200704K, 0% used [0x000000076b400000,0x000000076b400000,0x0000000777800000)
  from space 11776K, 99% used [0x0000000778680000,0x00000007791f8a50,0x0000000779200000)
  to   space 14848K, 0% used [0x0000000777800000,0x0000000777800000,0x0000000778680000)
 ParOldGen       total 157696K, used 17223K [0x00000006c1c00000, 0x00000006cb600000, 0x000000076b400000)
  object space 157696K, 10% used [0x00000006c1c00000,0x00000006c2cd1f58,0x00000006cb600000)
 Metaspace       used 50560K, capacity 52788K, committed 52992K, reserved 1095680K
  class space    used 6507K, capacity 6910K, committed 6912K, reserved 1048576K
}
Event: 10.133 GC heap before
{Heap before GC invocations=13 (full 2):
 PSYoungGen      total 212480K, used 107385K [0x000000076b400000, 0x0000000779680000, 0x00000007c0000000)
  eden space 200704K, 47% used [0x000000076b400000,0x0000000771165a28,0x0000000777800000)
  from space 11776K, 99% used [0x0000000778680000,0x00000007791f8a50,0x0000000779200000)
  to   space 14848K, 0% used [0x0000000777800000,0x0000000777800000,0x0000000778680000)
 ParOldGen       total 157696K, used 17223K [0x00000006c1c00000, 0x00000006cb600000, 0x000000076b400000)
  object space 157696K, 10% used [0x00000006c1c00000,0x00000006c2cd1f58,0x00000006cb600000)
 Metaspace       used 56669K, capacity 59046K, committed 59160K, reserved 1101824K
  class space    used 7324K, capacity 7779K, committed 7808K, reserved 1048576K
Event: 10.146 GC heap after
Heap after GC invocations=13 (full 2):
 PSYoungGen      total 215552K, used 14820K [0x000000076b400000, 0x000000077d400000, 0x00000007c0000000)
  eden space 200704K, 0% used [0x000000076b400000,0x000000076b400000,0x0000000777800000)
  from space 14848K, 99% used [0x0000000777800000,0x00000007786793e0,0x0000000778680000)
  to   space 18432K, 0% used [0x000000077c200000,0x000000077c200000,0x000000077d400000)
 ParOldGen       total 157696K, used 22253K [0x00000006c1c00000, 0x00000006cb600000, 0x000000076b400000)
  object space 157696K, 14% used [0x00000006c1c00000,0x00000006c31bb5f8,0x00000006cb600000)
 Metaspace       used 56669K, capacity 59046K, committed 59160K, reserved 1101824K
  class space    used 7324K, capacity 7779K, committed 7808K, reserved 1048576K
}
Event: 10.146 GC heap before
{Heap before GC invocations=14 (full 3):
 PSYoungGen      total 215552K, used 14820K [0x000000076b400000, 0x000000077d400000, 0x00000007c0000000)
  eden space 200704K, 0% used [0x000000076b400000,0x000000076b400000,0x0000000777800000)
  from space 14848K, 99% used [0x0000000777800000,0x00000007786793e0,0x0000000778680000)
  to   space 18432K, 0% used [0x000000077c200000,0x000000077c200000,0x000000077d400000)
 ParOldGen       total 157696K, used 22253K [0x00000006c1c00000, 0x00000006cb600000, 0x000000076b400000)
  object space 157696K, 14% used [0x00000006c1c00000,0x00000006c31bb5f8,0x00000006cb600000)
 Metaspace       used 56669K, capacity 59046K, committed 59160K, reserved 1101824K
  class space    used 7324K, capacity 7779K, committed 7808K, reserved 1048576K
Event: 10.304 GC heap after
Heap after GC invocations=14 (full 3):
 PSYoungGen      total 215552K, used 0K [0x000000076b400000, 0x000000077d400000, 0x00000007c0000000)
  eden space 200704K, 0% used [0x000000076b400000,0x000000076b400000,0x0000000777800000)
  from space 14848K, 0% used [0x0000000777800000,0x0000000777800000,0x0000000778680000)
  to   space 18432K, 0% used [0x000000077c200000,0x000000077c200000,0x000000077d400000)
 ParOldGen       total 231424K, used 29935K [0x00000006c1c00000, 0x00000006cfe00000, 0x000000076b400000)
  object space 231424K, 12% used [0x00000006c1c00000,0x00000006c393be10,0x00000006cfe00000)
 Metaspace       used 56669K, capacity 59046K, committed 59160K, reserved 1101824K
  class space    used 7324K, capacity 7779K, committed 7808K, reserved 1048576K
}

